<?xml version="1.0" encoding="UTF-8"?>
<!-- Generated by org.testng.reporters.JUnitReportReporter -->
<testsuite skipped="1" hostname="SCI-DT-088" name="com.sapience.base.SapienceLogin" tests="1" failures="0" timestamp="08 Apr 2020 16:50:57 GMT" time="0.000" errors="0">
  <testcase name="close" time="0.000" classname="com.sapience.base.SapienceLogin">
    <skipped/>
  </testcase> <!-- close -->
</testsuite> <!-- com.sapience.base.SapienceLogin -->
