<?xml version="1.0" encoding="UTF-8"?>
<!-- Generated by org.testng.reporters.JUnitReportReporter -->
<testsuite skipped="0" hostname="SCI-DT-088" name="com.sapience.test.BaseClass" tests="1" failures="0" timestamp="09 Apr 2020 07:53:20 GMT" time="29.834" errors="0">
  <testcase name="exceutionsteps" time="29.834" classname="com.sapience.test.BaseClass"/>
</testsuite> <!-- com.sapience.test.BaseClass -->
